<?xml version="1.0" encoding="UTF-8"?>
<!-- Generated by org.testng.reporters.JUnitReportReporter -->
<testsuite skipped="0" hostname="DESKTOP-L49GJNQ" name="com.w2a.testcases.AddCustomerTest" tests="3" failures="0" timestamp="25 Jun 2020 21:10:12 GMT" time="1.568" errors="0">
  <testcase name="AddCustomer" time="1.034" classname="com.w2a.testcases.AddCustomerTest"/>
  <testcase name="AddCustomer" time="0.246" classname="com.w2a.testcases.AddCustomerTest"/>
  <testcase name="AddCustomer" time="0.288" classname="com.w2a.testcases.AddCustomerTest"/>
</testsuite> <!-- com.w2a.testcases.AddCustomerTest -->
