<?xml version="1.0" encoding="UTF-8"?>
<!-- Generated by org.testng.reporters.JUnitReportReporter -->
<testsuite skipped="0" hostname="DESKTOP-L49GJNQ" name="com.w2a.testcases.LoginTest" tests="1" failures="0" timestamp="24 Jun 2020 22:00:39 GMT" time="3.161" errors="0">
  <testcase name="loginAsBankManager" time="3.161" classname="com.w2a.testcases.LoginTest"/>
</testsuite> <!-- com.w2a.testcases.LoginTest -->
