<?xml version="1.0" encoding="UTF-8"?>
<!-- Generated by org.testng.reporters.JUnitReportReporter -->
<testsuite skipped="0" hostname="DESKTOP-L49GJNQ" name="com.w2a.testcases.AddCustomerTest" tests="3" failures="0" timestamp="26 Jun 2020 23:49:04 GMT" time="1.365" errors="0">
  <testcase name="AddCustomer" time="0.265" classname="com.w2a.testcases.AddCustomerTest"/>
  <testcase name="AddCustomer" time="0.811" classname="com.w2a.testcases.AddCustomerTest"/>
  <testcase name="AddCustomer" time="0.289" classname="com.w2a.testcases.AddCustomerTest"/>
</testsuite> <!-- com.w2a.testcases.AddCustomerTest -->
