<?xml version="1.0" encoding="UTF-8"?>
<!-- Generated by org.testng.reporters.JUnitReportReporter -->
<testsuite skipped="0" hostname="DESKTOP-L49GJNQ" name="com.w2a.testcases.BangkManagerLoginTest" tests="1" failures="0" timestamp="27 Jun 2020 15:21:39 GMT" time="3.275" errors="0">
  <testcase name="loginAsBankManager" time="3.275" classname="com.w2a.testcases.BangkManagerLoginTest"/>
</testsuite> <!-- com.w2a.testcases.BangkManagerLoginTest -->
